<?xml version="1.0" encoding="utf-8"?><testsuites name="pytest tests"><testsuite name="pytest" errors="0" failures="0" skipped="0" tests="19" time="2.367" timestamp="2026-07-06T09:34:47.096285+00:00" hostname="agent-env-c8839f0f-4f5a-4a71-8873-04241c0eabc6"><testcase classname="tests.test_auth_signup" name="test_demo_logins_removed[owner@dispatch.com-owner123]" time="0.246" /><testcase classname="tests.test_auth_signup" name="test_demo_logins_removed[dispatcher@dispatch.com-dispatch123]" time="0.089" /><testcase classname="tests.test_metaphora" name="test_root_app_name" time="0.313" /><testcase classname="tests.test_metaphora" name="test_get_assumptions_defaults" time="0.048" /><testcase classname="tests.test_auth_signup" name="test_demo_logins_removed[finance@dispatch.com-finance123]" time="0.092" /><testcase classname="tests.test_metaphora" name="test_put_assumptions_persists" time="0.420" /><testcase classname="tests.test_auth_signup" name="test_signup_returns_token_and_user" time="0.339" /><testcase classname="tests.test_auth_signup" name="test_login_after_signup" time="0.323" /><testcase classname="tests.test_metaphora" name="test_analyze_profitable_load" time="0.277" /><testcase classname="tests.test_metaphora" name="test_analyze_bad_load_rejected_or_negotiate" time="0.050" /><testcase classname="tests.test_auth_signup" name="test_signup_duplicate_email_returns_400" time="0.056" /><testcase classname="tests.test_metaphora" name="test_analyze_invalid_miles" time="0.092" /><testcase classname="tests.test_auth_signup" name="test_login_wrong_password_returns_401" time="0.290" /><testcase classname="tests.test_metaphora" name="test_compliance_structure" time="0.248" /><testcase classname="tests.test_metaphora" name="test_drivers_have_compliance_fields" time="0.046" /><testcase classname="tests.test_metaphora" name="test_trucks_have_inspection_field" time="0.049" /><testcase classname="tests.test_metaphora" name="test_dashboard_stats" time="0.050" /><testcase classname="tests.test_metaphora" name="test_loads_list" time="0.047" /><testcase classname="tests.test_metaphora" name="test_invoices_list" time="0.049" /></testsuite></testsuites>