<?xml version="1.0" encoding="utf-8"?><testsuites name="pytest tests"><testsuite name="pytest" errors="0" failures="0" skipped="0" tests="12" time="1.497" timestamp="2026-07-06T09:03:17.956702+00:00" hostname="agent-env-c8839f0f-4f5a-4a71-8873-04241c0eabc6"><testcase classname="tests.test_metaphora" name="test_root_app_name" time="0.271" /><testcase classname="tests.test_metaphora" name="test_get_assumptions_defaults" time="0.042" /><testcase classname="tests.test_metaphora" name="test_put_assumptions_persists" time="0.126" /><testcase classname="tests.test_metaphora" name="test_analyze_profitable_load" time="0.044" /><testcase classname="tests.test_metaphora" name="test_analyze_bad_load_rejected_or_negotiate" time="0.042" /><testcase classname="tests.test_metaphora" name="test_analyze_invalid_miles" time="0.040" /><testcase classname="tests.test_metaphora" name="test_compliance_structure" time="0.045" /><testcase classname="tests.test_metaphora" name="test_drivers_have_compliance_fields" time="0.042" /><testcase classname="tests.test_metaphora" name="test_trucks_have_inspection_field" time="0.044" /><testcase classname="tests.test_metaphora" name="test_dashboard_stats" time="0.044" /><testcase classname="tests.test_metaphora" name="test_loads_list" time="0.044" /><testcase classname="tests.test_metaphora" name="test_invoices_list" time="0.042" /></testsuite></testsuites>